<?xml version="1.0" encoding="UTF-8"?>
<!-- Generated by org.testng.reporters.JUnitReportReporter -->
<testsuite skipped="0" hostname="Jewells-MBP.home" name="com.crmpro.qa.tests.HomePageTest" tests="3" failures="0" timestamp="25 Feb 2019 19:02:07 GMT" time="17.757" errors="0">
  <testcase name="verfifyHomePageTitleTest" time="6.403" classname="com.crmpro.qa.tests.HomePageTest"/>
  <testcase name="verifyUserNameTest" time="5.334" classname="com.crmpro.qa.tests.HomePageTest"/>
  <testcase name="verifyContactsLinkTest" time="6.020" classname="com.crmpro.qa.tests.HomePageTest"/>
</testsuite> <!-- com.crmpro.qa.tests.HomePageTest -->
