<?xml version="1.0" encoding="UTF-8"?>
<!-- Generated by org.testng.reporters.JUnitReportReporter -->
<testsuite skipped="0" hostname="Jewells-MacBook-Pro.local" name="com.crmpro.qa.tests.ContactsPageTest" tests="1" failures="0" timestamp="27 Sep 2019 14:29:41 GMT" time="6.390" errors="0">
  <testcase name="verifyContactsPageLabe" time="6.390" classname="com.crmpro.qa.tests.ContactsPageTest"/>
</testsuite> <!-- com.crmpro.qa.tests.ContactsPageTest -->
