<?xml version="1.0" encoding="UTF-8"?>
<!-- Generated by org.testng.reporters.JUnitReportReporter -->
<testsuite skipped="0" hostname="Jewells-MacBook-Pro.local" name="com.crmpro.qa.tests.LoginPageTest" tests="3" failures="0" timestamp="26 Sep 2019 23:38:01 GMT" time="15.791" errors="0">
  <testcase name="loginPageTitleTest" time="4.057" classname="com.crmpro.qa.tests.LoginPageTest"/>
  <testcase name="crmLogoImageTest" time="5.796" classname="com.crmpro.qa.tests.LoginPageTest"/>
  <testcase name="loginTest" time="5.938" classname="com.crmpro.qa.tests.LoginPageTest"/>
</testsuite> <!-- com.crmpro.qa.tests.LoginPageTest -->
