<?xml version="1.0" encoding="UTF-8"?>
<!-- Generated by org.testng.reporters.JUnitReportReporter -->
<testsuite skipped="0" hostname="Jewells-MBP.home" name="com.crmpro.qa.tests.ContactsPageTest" tests="1" failures="0" timestamp="25 Feb 2019 19:33:12 GMT" time="7.834" errors="0">
  <testcase name="selectSingleContactsTest" time="7.834" classname="com.crmpro.qa.tests.ContactsPageTest"/>
</testsuite> <!-- com.crmpro.qa.tests.ContactsPageTest -->
