<?xml version="1.0" encoding="UTF-8"?>
<!-- Generated by org.testng.reporters.JUnitReportReporter -->
<testsuite skipped="0" hostname="Jewells-MacBook-Pro.local" name="com.crmpro.qa.tests.HomePageTest" tests="3" failures="0" timestamp="24 Sep 2019 23:55:26 GMT" time="18.396" errors="0">
  <testcase name="verfifyHomePageTitleTest" time="5.502" classname="com.crmpro.qa.tests.HomePageTest"/>
  <testcase name="verifyUserNameTest" time="6.529" classname="com.crmpro.qa.tests.HomePageTest"/>
  <testcase name="verifyContactsLinkTest" time="6.365" classname="com.crmpro.qa.tests.HomePageTest"/>
</testsuite> <!-- com.crmpro.qa.tests.HomePageTest -->
